<?xml version="1.0" encoding="UTF-8" ?>
<testsuite tests="4" failures="0" name="com.CommunicatonTest" time="1.214" errors="0" skipped="0">
  <properties>
[...]
</properties>
  <testcase classname="com.CommunicatonTest" name="testSendFromClient" time="0.053"/>
  <testcase classname="com.CommunicatonTest" name="testSendFromServer" time="0.555"/>
  <testcase classname="com.CommunicatonTest" name="testOnClientDisconnection" time="0.555"/>
  <testcase classname="com.CommunicatonTest" name="testOnServerDisconnection" time="0.051"/>
</testsuite>